<?xml version="1.0" encoding="UTF-8"?>
<testsuite xmlns:xsi="http://www.w3.org/2001/XMLSchema-instance" xsi:noNamespaceSchemaLocation="https://maven.apache.org/surefire/maven-surefire-plugin/xsd/surefire-test-report-3.0.xsd" version="3.0" name="CurrentSolutionTest" time="0.603" tests="4" errors="0" skipped="0" failures="0">
  <properties>
[...]
</properties>
  <testcase name="testImportNewSolution" classname="CurrentSolutionTest" time="0.495">
    <system-out><![CDATA[kafka: User[id=8b1a0e22-8d71-43c3-b58b-d1d9d0e2f375, fileId=d5885843-1dde-433e-b246-50a76a9d96af, name=kalle, description=one hell of a file]
kafka: User[id=d85533b7-6567-4b70-8ffb-e16b376a802b, fileId=4eeedb9a-ad05-49d6-b95b-4dc255f68a44, name=kalle, description=one hell of a file as well]
endresult new solution: [CreatedResourceIds[uuid=8b1a0e22-8d71-43c3-b58b-d1d9d0e2f375, commonId=d5885843-1dde-433e-b246-50a76a9d96af], CreatedResourceIds[uuid=d85533b7-6567-4b70-8ffb-e16b376a802b, commonId=4eeedb9a-ad05-49d6-b95b-4dc255f68a44]]
]]></system-out>
  </testcase>
  <testcase name="testImportNewSolution_ShouldReturnEmptyList" classname="CurrentSolutionTest" time="0.001">
    <system-out><![CDATA[endresult new solution: []
]]></system-out>
  </testcase>
  <testcase name="asd" classname="CurrentSolutionTest" time="0.001">
    <system-out><![CDATA[{ASD=asd, APA=apa, HEJ2=hej2, HEJ=hej}
]]></system-out>
  </testcase>
  <testcase name="testImportFunction" classname="CurrentSolutionTest" time="0.011">
    <system-out><![CDATA[fileClientMock with pyCode : file2.py
kafka: User[id=nytt id!, fileId=nytt filId!, name=kalle, description=one hell of a file]
fileClientMock with pyCode : file1.py
kafka: User[id=nytt id!, fileId=nytt filId!, name=kalle, description=one hell of a file as well]
endresult: [CreatedResourceIds[uuid=nytt id!, commonId=nytt filId!], CreatedResourceIds[uuid=nytt id!, commonId=nytt filId!]]
]]></system-out>
  </testcase>
</testsuite>